  Source.cpp
C:\Program Files (x86)\Microsoft Visual Studio\2019\Community\VC\Tools\MSVC\14.29.30133\include\utility(331,10): error C3622: 'FlyingMachine': a class declared as 'abstract' cannot be instantiated
D:\c++uni\ekz_2_sem\prozkiv\Source.cpp(10): message : see declaration of 'FlyingMachine'
C:\Program Files (x86)\Microsoft Visual Studio\2019\Community\VC\Tools\MSVC\14.29.30133\include\xtree(336): message : see reference to class template instantiation 'std::pair<const FlyingMachine,int>' being compiled
C:\Program Files (x86)\Microsoft Visual Studio\2019\Community\VC\Tools\MSVC\14.29.30133\include\xtree(1925): message : see reference to class template instantiation 'std::_Tree_node<std::pair<const FlyingMachine,int>,std::_Default_allocator_traits<_Alloc>::void_pointer>' being compiled
          with
          [
              _Alloc=std::allocator<std::pair<const FlyingMachine,int>>
          ]
C:\Program Files (x86)\Microsoft Visual Studio\2019\Community\VC\Tools\MSVC\14.29.30133\include\xtree(1921): message : while compiling class template member function 'void std::_Tree<std::_Tmap_traits<_Kty,_Ty,_Pr,_Alloc,false>>::_Alloc_sentinel_and_proxy(void)'
          with
          [
              _Kty=FlyingMachine,
              _Ty=int,
              _Pr=std::less<FlyingMachine>,
              _Alloc=std::allocator<std::pair<const FlyingMachine,int>>
          ]
C:\Program Files (x86)\Microsoft Visual Studio\2019\Community\VC\Tools\MSVC\14.29.30133\include\xtree(892): message : see reference to function template instantiation 'void std::_Tree<std::_Tmap_traits<_Kty,_Ty,_Pr,_Alloc,false>>::_Alloc_sentinel_and_proxy(void)' being compiled
          with
          [
              _Kty=FlyingMachine,
              _Ty=int,
              _Pr=std::less<FlyingMachine>,
              _Alloc=std::allocator<std::pair<const FlyingMachine,int>>
          ]
C:\Program Files (x86)\Microsoft Visual Studio\2019\Community\VC\Tools\MSVC\14.29.30133\include\map(75): message : see reference to class template instantiation 'std::_Tree<std::_Tmap_traits<_Kty,_Ty,_Pr,_Alloc,false>>' being compiled
          with
          [
              _Kty=FlyingMachine,
              _Ty=int,
              _Pr=std::less<FlyingMachine>,
              _Alloc=std::allocator<std::pair<const FlyingMachine,int>>
          ]
D:\c++uni\ekz_2_sem\prozkiv\Source.cpp(162): message : see reference to class template instantiation 'std::map<FlyingMachine,int,std::less<FlyingMachine>,std::allocator<std::pair<const FlyingMachine,int>>>' being compiled
